{
  "stats": {
    "suites": 3,
    "tests": 4,
    "passes": 4,
    "pending": 0,
    "failures": 0,
    "start": "2022-12-20T19:30:19.608Z",
    "end": "2022-12-20T19:30:32.721Z",
    "duration": 13113,
    "testsRegistered": 4,
    "passPercent": 100,
    "pendingPercent": 0,
    "other": 0,
    "hasOther": false,
    "skipped": 0,
    "hasSkipped": false
  },
  "results": [
    {
      "uuid": "a0ec7441-6071-42e3-9908-6a1de7b109a3",
      "title": "",
      "fullFile": "cypress\\test-specs\\login\\loginTests.js",
      "file": "cypress\\test-specs\\login\\loginTests.js",
      "beforeHooks": [],
      "afterHooks": [],
      "tests": [],
      "suites": [
        {
          "uuid": "efbf8f7b-32ad-46c9-9b38-f82a9335b236",
          "title": "Login Tests",
          "fullFile": "",
          "file": "",
          "beforeHooks": [],
          "afterHooks": [],
          "tests": [],
          "suites": [
            {
              "uuid": "46b52c4c-c4b2-4e45-9814-743cac9fa548",
              "title": "positive scenarios",
              "fullFile": "",
              "file": "",
              "beforeHooks": [],
              "afterHooks": [],
              "tests": [
                {
                  "title": "login with valid data",
                  "fullTitle": "Login Tests positive scenarios login with valid data",
                  "timedOut": null,
                  "duration": 5666,
                  "state": "passed",
                  "speed": "medium",
                  "pass": true,
                  "fail": false,
                  "pending": false,
                  "context": null,
                  "code": "_HomePage.homePage.goToLoginPage();\n_LoginPage.loginPage.welcomeMessage().should(\"have.text\", \"Welcome, Please Sign In!\").and(\"be.visible\");\n_LoginPage.loginPage.login(this.user2.Email, this.user2.password);\n_HomePage.homePage.logoutLink().should('be.visible');",
                  "err": {},
                  "uuid": "21ea999d-3fcf-4eb0-a8fb-af73fdfe67e0",
                  "parentUUID": "46b52c4c-c4b2-4e45-9814-743cac9fa548",
                  "isHook": false,
                  "skipped": false
                }
              ],
              "suites": [],
              "passes": [
                "21ea999d-3fcf-4eb0-a8fb-af73fdfe67e0"
              ],
              "failures": [],
              "pending": [],
              "skipped": [],
              "duration": 5666,
              "root": false,
              "rootEmpty": false,
              "_timeout": 2000
            },
            {
              "uuid": "74babbaf-b9ac-4f3f-886f-1938f4a1566a",
              "title": "negative scenarios",
              "fullFile": "",
              "file": "",
              "beforeHooks": [],
              "afterHooks": [],
              "tests": [
                {
                  "title": "loging with invalid password",
                  "fullTitle": "Login Tests negative scenarios loging with invalid password",
                  "timedOut": null,
                  "duration": 2750,
                  "state": "passed",
                  "speed": "fast",
                  "pass": true,
                  "fail": false,
                  "pending": false,
                  "context": null,
                  "code": "_HomePage.homePage.goToLoginPage();\n_LoginPage.loginPage.welcomeMessage().should(\"have.text\", \"Welcome, Please Sign In!\").and(\"be.visible\");\n_LoginPage.loginPage.login(this.user2.Email, this.user2.invalidPassword);\n_LoginPage.loginPage.errorsMessages().should('contain.text', \"Login was unsuccessful. Please correct the errors and try again.\").and('be.visible').and('have.css', 'color', 'rgb(228, 67, 75)');\n_LoginPage.loginPage.errorsMessages().children('ul').should('contain.text', 'The credentials provided are incorrect').and('be.visible').and('have.css', 'color', 'rgb(228, 67, 75)');",
                  "err": {},
                  "uuid": "71dd2314-748b-4eb2-b94e-80030130574e",
                  "parentUUID": "74babbaf-b9ac-4f3f-886f-1938f4a1566a",
                  "isHook": false,
                  "skipped": false
                },
                {
                  "title": "loging with invalid email",
                  "fullTitle": "Login Tests negative scenarios loging with invalid email",
                  "timedOut": null,
                  "duration": 2686,
                  "state": "passed",
                  "speed": "fast",
                  "pass": true,
                  "fail": false,
                  "pending": false,
                  "context": null,
                  "code": "_HomePage.homePage.goToLoginPage();\n_LoginPage.loginPage.welcomeMessage().should(\"have.text\", \"Welcome, Please Sign In!\").and(\"be.visible\");\n_LoginPage.loginPage.login(this.user2.invalidEmail, this.user2.password);\n_LoginPage.loginPage.errorsMessages().should('contain.text', \"Login was unsuccessful. Please correct the errors and try again.\").and('be.visible').and('have.css', 'color', 'rgb(228, 67, 75)');\n_LoginPage.loginPage.errorsMessages().children('ul').should('contain.text', 'No customer account found').and('be.visible').and('have.css', 'color', 'rgb(228, 67, 75)');",
                  "err": {},
                  "uuid": "5de04a43-73e7-4f93-bac8-bfd56e549eb5",
                  "parentUUID": "74babbaf-b9ac-4f3f-886f-1938f4a1566a",
                  "isHook": false,
                  "skipped": false
                },
                {
                  "title": "loging with empty email field",
                  "fullTitle": "Login Tests negative scenarios loging with empty email field",
                  "timedOut": null,
                  "duration": 1895,
                  "state": "passed",
                  "speed": "fast",
                  "pass": true,
                  "fail": false,
                  "pending": false,
                  "context": null,
                  "code": "_HomePage.homePage.goToLoginPage();\n_LoginPage.loginPage.welcomeMessage().should(\"have.text\", \"Welcome, Please Sign In!\").and(\"be.visible\");\n_LoginPage.loginPage.login(\" \", this.user2.password);\n_LoginPage.loginPage.emptyEmailError().should('have.text', 'Please enter your email').and('be.visible').and('have.css', 'color', 'rgb(228, 67, 75)');",
                  "err": {},
                  "uuid": "e51cd7b5-eebc-4d3c-a566-d84c36a4669f",
                  "parentUUID": "74babbaf-b9ac-4f3f-886f-1938f4a1566a",
                  "isHook": false,
                  "skipped": false
                }
              ],
              "suites": [],
              "passes": [
                "71dd2314-748b-4eb2-b94e-80030130574e",
                "5de04a43-73e7-4f93-bac8-bfd56e549eb5",
                "e51cd7b5-eebc-4d3c-a566-d84c36a4669f"
              ],
              "failures": [],
              "pending": [],
              "skipped": [],
              "duration": 7331,
              "root": false,
              "rootEmpty": false,
              "_timeout": 2000
            }
          ],
          "passes": [],
          "failures": [],
          "pending": [],
          "skipped": [],
          "duration": 0,
          "root": false,
          "rootEmpty": false,
          "_timeout": 2000
        }
      ],
      "passes": [],
      "failures": [],
      "pending": [],
      "skipped": [],
      "duration": 0,
      "root": true,
      "rootEmpty": true,
      "_timeout": 2000
    }
  ],
  "meta": {
    "mocha": {
      "version": "7.0.1"
    },
    "mochawesome": {
      "options": {
        "quiet": false,
        "reportFilename": "mochawesome",
        "saveHtml": false,
        "saveJson": true,
        "consoleReporter": "spec",
        "useInlineDiffs": false,
        "code": true
      },
      "version": "7.1.3"
    },
    "marge": {
      "options": {
        "id": "default",
        "reportDir": "cypress/results/mochawesome",
        "overwrite": false,
        "html": false,
        "json": true
      },
      "version": "6.2.0"
    }
  }
}