{
  "stats": {
    "suites": 1,
    "tests": 2,
    "passes": 2,
    "pending": 0,
    "failures": 0,
    "start": "2022-12-20T19:29:02.630Z",
    "end": "2022-12-20T19:29:15.207Z",
    "duration": 12577,
    "testsRegistered": 2,
    "passPercent": 100,
    "pendingPercent": 0,
    "other": 0,
    "hasOther": false,
    "skipped": 0,
    "hasSkipped": false
  },
  "results": [
    {
      "uuid": "25c03efa-4ab1-4f1e-a7c1-3a314f79a223",
      "title": "",
      "fullFile": "cypress\\test-specs\\products\\searchForProductsTest.js",
      "file": "cypress\\test-specs\\products\\searchForProductsTest.js",
      "beforeHooks": [],
      "afterHooks": [],
      "tests": [],
      "suites": [
        {
          "uuid": "e4b0b440-18c1-43b8-88c5-fdca1d2821da",
          "title": "Searching for products tests",
          "fullFile": "",
          "file": "",
          "beforeHooks": [],
          "afterHooks": [],
          "tests": [
            {
              "title": "Searching for product with pressing enter",
              "fullTitle": "Searching for products tests Searching for product with pressing enter",
              "timedOut": null,
              "duration": 8509,
              "state": "passed",
              "speed": "medium",
              "pass": true,
              "fail": false,
              "pending": false,
              "context": null,
              "code": "_HomePage.homePage.goToLoginPage();\n_LoginPage.loginPage.login(this.user2.Email, this.user2.password);\n_HomePage.homePage.logoutLink().should('be.visible');\n_HomePage.homePage.searchField().should('be.enabled').and('be.visible').type(this.product.MacBook + '{enter}');\n_ProductsPage.productPage.searchPageTitle().should('have.text', 'Search').and('be.visible');\n_ProductsPage.productPage.productItem().children('div').children('a').should('be.visible').and('have.attr', 'title', 'Show details for ' + this.product.MacBook);",
              "err": {},
              "uuid": "8cf91698-2393-44b0-8e30-9b9b9ed81d46",
              "parentUUID": "e4b0b440-18c1-43b8-88c5-fdca1d2821da",
              "isHook": false,
              "skipped": false
            },
            {
              "title": "Searching for product with pressing search button",
              "fullTitle": "Searching for products tests Searching for product with pressing search button",
              "timedOut": null,
              "duration": 4013,
              "state": "passed",
              "speed": "fast",
              "pass": true,
              "fail": false,
              "pending": false,
              "context": null,
              "code": "_HomePage.homePage.goToLoginPage();\n_LoginPage.loginPage.login(this.user2.Email, this.user2.password);\n_HomePage.homePage.logoutLink().should('be.visible');\n_HomePage.homePage.searchField().should('be.enabled').and('be.visible').type(this.product.MacBook);\n_HomePage.homePage.searchButton().click();\n_ProductsPage.productPage.searchPageTitle().should('have.text', 'Search').and('be.visible');\n_ProductsPage.productPage.productItem().children('div').children('a').should('be.visible').and('have.attr', 'title', 'Show details for ' + this.product.MacBook);",
              "err": {},
              "uuid": "9b2c7ff8-e10d-430e-9a23-df04ff08c199",
              "parentUUID": "e4b0b440-18c1-43b8-88c5-fdca1d2821da",
              "isHook": false,
              "skipped": false
            }
          ],
          "suites": [],
          "passes": [
            "8cf91698-2393-44b0-8e30-9b9b9ed81d46",
            "9b2c7ff8-e10d-430e-9a23-df04ff08c199"
          ],
          "failures": [],
          "pending": [],
          "skipped": [],
          "duration": 12522,
          "root": false,
          "rootEmpty": false,
          "_timeout": 2000
        }
      ],
      "passes": [],
      "failures": [],
      "pending": [],
      "skipped": [],
      "duration": 0,
      "root": true,
      "rootEmpty": true,
      "_timeout": 2000
    }
  ],
  "meta": {
    "mocha": {
      "version": "7.0.1"
    },
    "mochawesome": {
      "options": {
        "quiet": false,
        "reportFilename": "mochawesome",
        "saveHtml": false,
        "saveJson": true,
        "consoleReporter": "spec",
        "useInlineDiffs": false,
        "code": true
      },
      "version": "7.1.3"
    },
    "marge": {
      "options": {
        "id": "default",
        "reportDir": "cypress/results/mochawesome",
        "overwrite": false,
        "html": false,
        "json": true
      },
      "version": "6.2.0"
    }
  }
}