{
  "stats": {
    "suites": 1,
    "tests": 3,
    "passes": 1,
    "pending": 0,
    "failures": 2,
    "start": "2022-12-20T19:31:01.214Z",
    "end": "2022-12-20T19:31:36.848Z",
    "duration": 35634,
    "testsRegistered": 3,
    "passPercent": 33.33333333333333,
    "pendingPercent": 0,
    "other": 0,
    "hasOther": false,
    "skipped": 0,
    "hasSkipped": false
  },
  "results": [
    {
      "uuid": "a4f4fd1c-d5a6-4f8c-b093-6009ea1f4f07",
      "title": "",
      "fullFile": "cypress\\test-specs\\registration\\registrationTests.js",
      "file": "cypress\\test-specs\\registration\\registrationTests.js",
      "beforeHooks": [],
      "afterHooks": [],
      "tests": [],
      "suites": [
        {
          "uuid": "e4ec992d-4cbb-45fb-9e2f-3a787c8066ed",
          "title": "Registration Tests",
          "fullFile": "",
          "file": "",
          "beforeHooks": [],
          "afterHooks": [],
          "tests": [
            {
              "title": "register with mandatory fileds ",
              "fullTitle": "Registration Tests register with mandatory fileds ",
              "timedOut": null,
              "duration": 14494,
              "state": "failed",
              "speed": null,
              "pass": false,
              "fail": true,
              "pending": false,
              "context": null,
              "code": "_HomePage.homePage.goToRegisterPage();\n_RegistrationPage.registrationPage.registerationPageTitle().should(\"have.text\", \"Register\").and(\"be.visible\");\n_RegistrationPage.registrationPage.registerWithMandatoryFieldsOnly(this.user1.firstName, this.user1.lastName, this.user1.Email, this.user1.password);\n_RegistrationPage.registrationPage.registrationCompleteMessage().should(\"have.text\", \"Your registration completed\").and(\"be.visible\");",
              "err": {
                "message": "AssertionError: Timed out retrying after 6000ms: Expected to find element: `.page-body div[class='result']`, but never found it.",
                "estack": "AssertionError: Timed out retrying after 6000ms: Expected to find element: `.page-body div[class='result']`, but never found it.\n    at Context.eval (webpack:///./cypress/test-specs/registration/registrationTests.js:20:55)",
                "diff": null
              },
              "uuid": "19b968ad-23cf-4ab0-b28e-e784a96b4eae",
              "parentUUID": "e4ec992d-4cbb-45fb-9e2f-3a787c8066ed",
              "isHook": false,
              "skipped": false
            },
            {
              "title": "register with existing email",
              "fullTitle": "Registration Tests register with existing email",
              "timedOut": null,
              "duration": 7315,
              "state": "passed",
              "speed": "medium",
              "pass": true,
              "fail": false,
              "pending": false,
              "context": null,
              "code": "_HomePage.homePage.goToRegisterPage();\n_RegistrationPage.registrationPage.registerationPageTitle().should(\"have.text\", \"Register\").and(\"be.visible\");\n_RegistrationPage.registrationPage.registerWithMandatoryFieldsOnly(this.user1.firstName, this.user1.lastName, this.user1.Email, this.user1.password);\n_RegistrationPage.registrationPage.registrationErrorValidation().should(\"have.text\", \"The specified email already exists\").and(\"be.visible\");",
              "err": {},
              "uuid": "ac215735-633b-417d-8774-bea20ccf97be",
              "parentUUID": "e4ec992d-4cbb-45fb-9e2f-3a787c8066ed",
              "isHook": false,
              "skipped": false
            },
            {
              "title": "register with all the data",
              "fullTitle": "Registration Tests register with all the data",
              "timedOut": null,
              "duration": 13648,
              "state": "failed",
              "speed": null,
              "pass": false,
              "fail": true,
              "pending": false,
              "context": null,
              "code": "_HomePage.homePage.goToRegisterPage();\n_RegistrationPage.registrationPage.registerationPageTitle().should(\"have.text\", \"Register\").and(\"be.visible\");\n_RegistrationPage.registrationPage.registerWithAllData(this.user2.gender, this.user2.firstName, this.user2.lastName, this.user2.BirthDay, this.user2.BirthMonth, this.user2.BirthYear, this.user2.companyName, this.user2.Email, this.user2.password);\n_RegistrationPage.registrationPage.registrationCompleteMessage().should(\"have.text\", \"Your registration completed\").and(\"be.visible\");",
              "err": {
                "message": "AssertionError: Timed out retrying after 6000ms: Expected to find element: `.page-body div[class='result']`, but never found it.",
                "estack": "AssertionError: Timed out retrying after 6000ms: Expected to find element: `.page-body div[class='result']`, but never found it.\n    at Context.eval (webpack:///./cypress/test-specs/registration/registrationTests.js:32:55)",
                "diff": null
              },
              "uuid": "300f6686-e1c8-4cd3-99b5-6aabc56e7a34",
              "parentUUID": "e4ec992d-4cbb-45fb-9e2f-3a787c8066ed",
              "isHook": false,
              "skipped": false
            }
          ],
          "suites": [],
          "passes": [
            "ac215735-633b-417d-8774-bea20ccf97be"
          ],
          "failures": [
            "19b968ad-23cf-4ab0-b28e-e784a96b4eae",
            "300f6686-e1c8-4cd3-99b5-6aabc56e7a34"
          ],
          "pending": [],
          "skipped": [],
          "duration": 35457,
          "root": false,
          "rootEmpty": false,
          "_timeout": 2000
        }
      ],
      "passes": [],
      "failures": [],
      "pending": [],
      "skipped": [],
      "duration": 0,
      "root": true,
      "rootEmpty": true,
      "_timeout": 2000
    }
  ],
  "meta": {
    "mocha": {
      "version": "7.0.1"
    },
    "mochawesome": {
      "options": {
        "quiet": false,
        "reportFilename": "mochawesome",
        "saveHtml": false,
        "saveJson": true,
        "consoleReporter": "spec",
        "useInlineDiffs": false,
        "code": true
      },
      "version": "7.1.3"
    },
    "marge": {
      "options": {
        "id": "default",
        "reportDir": "cypress/results/mochawesome",
        "overwrite": false,
        "html": false,
        "json": true
      },
      "version": "6.2.0"
    }
  }
}