{
  "stats": {
    "suites": 3,
    "tests": 4,
    "passes": 4,
    "pending": 0,
    "failures": 0,
    "start": "2022-12-20T18:59:34.542Z",
    "end": "2022-12-20T18:59:47.198Z",
    "duration": 12656,
    "testsRegistered": 4,
    "passPercent": 100,
    "pendingPercent": 0,
    "other": 0,
    "hasOther": false,
    "skipped": 0,
    "hasSkipped": false
  },
  "results": [
    {
      "uuid": "e6d0789d-2656-4b30-84e3-5b1b04e3febe",
      "title": "",
      "fullFile": "cypress\\test-specs\\login\\loginTests.js",
      "file": "cypress\\test-specs\\login\\loginTests.js",
      "beforeHooks": [],
      "afterHooks": [],
      "tests": [],
      "suites": [
        {
          "uuid": "c52a4b99-1a63-4bf1-a5eb-4a1f7b0e97a1",
          "title": "Login Tests",
          "fullFile": "",
          "file": "",
          "beforeHooks": [],
          "afterHooks": [],
          "tests": [],
          "suites": [
            {
              "uuid": "be0439f1-cecf-4e30-95ab-418bfd72ae62",
              "title": "positive scenarios",
              "fullFile": "",
              "file": "",
              "beforeHooks": [],
              "afterHooks": [],
              "tests": [
                {
                  "title": "login with valid data",
                  "fullTitle": "Login Tests positive scenarios login with valid data",
                  "timedOut": null,
                  "duration": 6259,
                  "state": "passed",
                  "speed": "medium",
                  "pass": true,
                  "fail": false,
                  "pending": false,
                  "context": null,
                  "code": "_HomePage.homePage.goToLoginPage();\n_LoginPage.loginPage.welcomeMessage().should(\"have.text\", \"Welcome, Please Sign In!\").and(\"be.visible\");\n_LoginPage.loginPage.login(this.user2.Email, this.user2.password);\n_HomePage.homePage.logoutLink().should('be.visible');",
                  "err": {},
                  "uuid": "8f6b40f2-e610-497d-bdae-d9edaf09fc29",
                  "parentUUID": "be0439f1-cecf-4e30-95ab-418bfd72ae62",
                  "isHook": false,
                  "skipped": false
                }
              ],
              "suites": [],
              "passes": [
                "8f6b40f2-e610-497d-bdae-d9edaf09fc29"
              ],
              "failures": [],
              "pending": [],
              "skipped": [],
              "duration": 6259,
              "root": false,
              "rootEmpty": false,
              "_timeout": 2000
            },
            {
              "uuid": "512a404c-bc1e-49f0-b596-5f124f7b9c5f",
              "title": "negative scenarios",
              "fullFile": "",
              "file": "",
              "beforeHooks": [],
              "afterHooks": [],
              "tests": [
                {
                  "title": "loging with invalid password",
                  "fullTitle": "Login Tests negative scenarios loging with invalid password",
                  "timedOut": null,
                  "duration": 2352,
                  "state": "passed",
                  "speed": "fast",
                  "pass": true,
                  "fail": false,
                  "pending": false,
                  "context": null,
                  "code": "_HomePage.homePage.goToLoginPage();\n_LoginPage.loginPage.welcomeMessage().should(\"have.text\", \"Welcome, Please Sign In!\").and(\"be.visible\");\n_LoginPage.loginPage.login(this.user2.Email, this.user2.invalidPassword);\n_LoginPage.loginPage.errorsMessages().should('contain.text', \"Login was unsuccessful. Please correct the errors and try again.\").and('be.visible').and('have.css', 'color', 'rgb(228, 67, 75)');\n_LoginPage.loginPage.errorsMessages().children('ul').should('contain.text', 'The credentials provided are incorrect').and('be.visible').and('have.css', 'color', 'rgb(228, 67, 75)');",
                  "err": {},
                  "uuid": "7a3a040f-9069-4eeb-9017-88634d917e92",
                  "parentUUID": "512a404c-bc1e-49f0-b596-5f124f7b9c5f",
                  "isHook": false,
                  "skipped": false
                },
                {
                  "title": "loging with invalid email",
                  "fullTitle": "Login Tests negative scenarios loging with invalid email",
                  "timedOut": null,
                  "duration": 2408,
                  "state": "passed",
                  "speed": "fast",
                  "pass": true,
                  "fail": false,
                  "pending": false,
                  "context": null,
                  "code": "_HomePage.homePage.goToLoginPage();\n_LoginPage.loginPage.welcomeMessage().should(\"have.text\", \"Welcome, Please Sign In!\").and(\"be.visible\");\n_LoginPage.loginPage.login(this.user2.invalidEmail, this.user2.password);\n_LoginPage.loginPage.errorsMessages().should('contain.text', \"Login was unsuccessful. Please correct the errors and try again.\").and('be.visible').and('have.css', 'color', 'rgb(228, 67, 75)');\n_LoginPage.loginPage.errorsMessages().children('ul').should('contain.text', 'No customer account found').and('be.visible').and('have.css', 'color', 'rgb(228, 67, 75)');",
                  "err": {},
                  "uuid": "7420d8ad-78d4-44d5-9ce4-06987015ed83",
                  "parentUUID": "512a404c-bc1e-49f0-b596-5f124f7b9c5f",
                  "isHook": false,
                  "skipped": false
                },
                {
                  "title": "loging with empty email field",
                  "fullTitle": "Login Tests negative scenarios loging with empty email field",
                  "timedOut": null,
                  "duration": 1564,
                  "state": "passed",
                  "speed": "fast",
                  "pass": true,
                  "fail": false,
                  "pending": false,
                  "context": null,
                  "code": "_HomePage.homePage.goToLoginPage();\n_LoginPage.loginPage.welcomeMessage().should(\"have.text\", \"Welcome, Please Sign In!\").and(\"be.visible\");\n_LoginPage.loginPage.login(\" \", this.user2.password);\n_LoginPage.loginPage.emptyEmailError().should('have.text', 'Please enter your email').and('be.visible').and('have.css', 'color', 'rgb(228, 67, 75)');",
                  "err": {},
                  "uuid": "2e18cc5f-7e36-4a16-93b3-a1d877a215e3",
                  "parentUUID": "512a404c-bc1e-49f0-b596-5f124f7b9c5f",
                  "isHook": false,
                  "skipped": false
                }
              ],
              "suites": [],
              "passes": [
                "7a3a040f-9069-4eeb-9017-88634d917e92",
                "7420d8ad-78d4-44d5-9ce4-06987015ed83",
                "2e18cc5f-7e36-4a16-93b3-a1d877a215e3"
              ],
              "failures": [],
              "pending": [],
              "skipped": [],
              "duration": 6324,
              "root": false,
              "rootEmpty": false,
              "_timeout": 2000
            }
          ],
          "passes": [],
          "failures": [],
          "pending": [],
          "skipped": [],
          "duration": 0,
          "root": false,
          "rootEmpty": false,
          "_timeout": 2000
        }
      ],
      "passes": [],
      "failures": [],
      "pending": [],
      "skipped": [],
      "duration": 0,
      "root": true,
      "rootEmpty": true,
      "_timeout": 2000
    }
  ],
  "meta": {
    "mocha": {
      "version": "7.0.1"
    },
    "mochawesome": {
      "options": {
        "quiet": false,
        "reportFilename": "mochawesome",
        "saveHtml": false,
        "saveJson": true,
        "consoleReporter": "spec",
        "useInlineDiffs": false,
        "code": true
      },
      "version": "7.1.3"
    },
    "marge": {
      "options": {
        "id": "default",
        "reportDir": "cypress/results/mochawesome",
        "overwrite": false,
        "html": false,
        "json": true
      },
      "version": "6.2.0"
    }
  }
}