{
  "stats": {
    "suites": 1,
    "tests": 2,
    "passes": 2,
    "pending": 0,
    "failures": 0,
    "start": "2022-12-20T19:26:45.090Z",
    "end": "2022-12-20T19:27:03.577Z",
    "duration": 18487,
    "testsRegistered": 2,
    "passPercent": 100,
    "pendingPercent": 0,
    "other": 0,
    "hasOther": false,
    "skipped": 0,
    "hasSkipped": false
  },
  "results": [
    {
      "uuid": "68f7ca9e-4a84-4e01-a06f-5e70b552e8f0",
      "title": "",
      "fullFile": "cypress\\test-specs\\products\\searchForProductsTest.js",
      "file": "cypress\\test-specs\\products\\searchForProductsTest.js",
      "beforeHooks": [],
      "afterHooks": [],
      "tests": [],
      "suites": [
        {
          "uuid": "9d09f34f-e152-4e61-b4e9-4631d62f2301",
          "title": "Searching for products tests",
          "fullFile": "",
          "file": "",
          "beforeHooks": [],
          "afterHooks": [],
          "tests": [
            {
              "title": "Searching for product with pressing enter",
              "fullTitle": "Searching for products tests Searching for product with pressing enter",
              "timedOut": null,
              "duration": 11737,
              "state": "passed",
              "speed": "slow",
              "pass": true,
              "fail": false,
              "pending": false,
              "context": null,
              "code": "_HomePage.homePage.goToLoginPage();\n_LoginPage.loginPage.login(this.user2.Email, this.user2.password);\n_HomePage.homePage.logoutLink().should('be.visible');\n_HomePage.homePage.searchField().should('be.enabled').and('be.visible').type(this.product.MacBook + '{enter}');\n_ProductsPage.productPage.searchPageTitle().should('have.text', 'Search').and('be.visible');\n_ProductsPage.productPage.productItem().children('div').children('a').should('be.visible').and('have.attr', 'title', 'Show details for ' + this.product.MacBook);",
              "err": {},
              "uuid": "ea5a1bb5-0032-4940-ac9e-a84e59fe6878",
              "parentUUID": "9d09f34f-e152-4e61-b4e9-4631d62f2301",
              "isHook": false,
              "skipped": false
            },
            {
              "title": "Searching for product with pressing search button",
              "fullTitle": "Searching for products tests Searching for product with pressing search button",
              "timedOut": null,
              "duration": 6616,
              "state": "passed",
              "speed": "medium",
              "pass": true,
              "fail": false,
              "pending": false,
              "context": null,
              "code": "_HomePage.homePage.goToLoginPage();\n_LoginPage.loginPage.login(this.user2.Email, this.user2.password);\n_HomePage.homePage.logoutLink().should('be.visible');\n_HomePage.homePage.searchField().should('be.enabled').and('be.visible').type(this.product.MacBook);\n_HomePage.homePage.searchButton().click();\n_ProductsPage.productPage.searchPageTitle().should('have.text', 'Search').and('be.visible');\n_ProductsPage.productPage.productItem().children('div').children('a').should('be.visible').and('have.attr', 'title', 'Show details for ' + this.product.MacBook);",
              "err": {},
              "uuid": "9fd42657-65b4-4be8-a6a9-507a2b97b198",
              "parentUUID": "9d09f34f-e152-4e61-b4e9-4631d62f2301",
              "isHook": false,
              "skipped": false
            }
          ],
          "suites": [],
          "passes": [
            "ea5a1bb5-0032-4940-ac9e-a84e59fe6878",
            "9fd42657-65b4-4be8-a6a9-507a2b97b198"
          ],
          "failures": [],
          "pending": [],
          "skipped": [],
          "duration": 18353,
          "root": false,
          "rootEmpty": false,
          "_timeout": 2000
        }
      ],
      "passes": [],
      "failures": [],
      "pending": [],
      "skipped": [],
      "duration": 0,
      "root": true,
      "rootEmpty": true,
      "_timeout": 2000
    }
  ],
  "meta": {
    "mocha": {
      "version": "7.0.1"
    },
    "mochawesome": {
      "options": {
        "quiet": false,
        "reportFilename": "mochawesome",
        "saveHtml": false,
        "saveJson": true,
        "consoleReporter": "spec",
        "useInlineDiffs": false,
        "code": true
      },
      "version": "7.1.3"
    },
    "marge": {
      "options": {
        "id": "default",
        "reportDir": "cypress/results/mochawesome",
        "overwrite": false,
        "html": false,
        "json": true
      },
      "version": "6.2.0"
    }
  }
}