{
  "stats": {
    "suites": 3,
    "tests": 4,
    "passes": 4,
    "pending": 0,
    "failures": 0,
    "start": "2022-12-20T19:24:26.119Z",
    "end": "2022-12-20T19:24:41.849Z",
    "duration": 15730,
    "testsRegistered": 4,
    "passPercent": 100,
    "pendingPercent": 0,
    "other": 0,
    "hasOther": false,
    "skipped": 0,
    "hasSkipped": false
  },
  "results": [
    {
      "uuid": "94094ba8-cb2d-4a2a-a5bb-780705430b8a",
      "title": "",
      "fullFile": "cypress\\test-specs\\login\\loginTests.js",
      "file": "cypress\\test-specs\\login\\loginTests.js",
      "beforeHooks": [],
      "afterHooks": [],
      "tests": [],
      "suites": [
        {
          "uuid": "0cbd96d6-8afe-41f3-87d2-a773cce76da4",
          "title": "Login Tests",
          "fullFile": "",
          "file": "",
          "beforeHooks": [],
          "afterHooks": [],
          "tests": [],
          "suites": [
            {
              "uuid": "19df9da3-745c-42d1-94f9-cfd74a50e9fe",
              "title": "positive scenarios",
              "fullFile": "",
              "file": "",
              "beforeHooks": [],
              "afterHooks": [],
              "tests": [
                {
                  "title": "login with valid data",
                  "fullTitle": "Login Tests positive scenarios login with valid data",
                  "timedOut": null,
                  "duration": 7742,
                  "state": "passed",
                  "speed": "medium",
                  "pass": true,
                  "fail": false,
                  "pending": false,
                  "context": null,
                  "code": "_HomePage.homePage.goToLoginPage();\n_LoginPage.loginPage.welcomeMessage().should(\"have.text\", \"Welcome, Please Sign In!\").and(\"be.visible\");\n_LoginPage.loginPage.login(this.user2.Email, this.user2.password);\n_HomePage.homePage.logoutLink().should('be.visible');",
                  "err": {},
                  "uuid": "7532e8fb-5f76-4bc7-a1e0-e405201bb4fb",
                  "parentUUID": "19df9da3-745c-42d1-94f9-cfd74a50e9fe",
                  "isHook": false,
                  "skipped": false
                }
              ],
              "suites": [],
              "passes": [
                "7532e8fb-5f76-4bc7-a1e0-e405201bb4fb"
              ],
              "failures": [],
              "pending": [],
              "skipped": [],
              "duration": 7742,
              "root": false,
              "rootEmpty": false,
              "_timeout": 2000
            },
            {
              "uuid": "67166a51-e98b-419c-8c7d-3be6c7037e63",
              "title": "negative scenarios",
              "fullFile": "",
              "file": "",
              "beforeHooks": [],
              "afterHooks": [],
              "tests": [
                {
                  "title": "loging with invalid password",
                  "fullTitle": "Login Tests negative scenarios loging with invalid password",
                  "timedOut": null,
                  "duration": 2926,
                  "state": "passed",
                  "speed": "fast",
                  "pass": true,
                  "fail": false,
                  "pending": false,
                  "context": null,
                  "code": "_HomePage.homePage.goToLoginPage();\n_LoginPage.loginPage.welcomeMessage().should(\"have.text\", \"Welcome, Please Sign In!\").and(\"be.visible\");\n_LoginPage.loginPage.login(this.user2.Email, this.user2.invalidPassword);\n_LoginPage.loginPage.errorsMessages().should('contain.text', \"Login was unsuccessful. Please correct the errors and try again.\").and('be.visible').and('have.css', 'color', 'rgb(228, 67, 75)');\n_LoginPage.loginPage.errorsMessages().children('ul').should('contain.text', 'The credentials provided are incorrect').and('be.visible').and('have.css', 'color', 'rgb(228, 67, 75)');",
                  "err": {},
                  "uuid": "f051f079-6c77-4275-99d7-67aa5404e960",
                  "parentUUID": "67166a51-e98b-419c-8c7d-3be6c7037e63",
                  "isHook": false,
                  "skipped": false
                },
                {
                  "title": "loging with invalid email",
                  "fullTitle": "Login Tests negative scenarios loging with invalid email",
                  "timedOut": null,
                  "duration": 3101,
                  "state": "passed",
                  "speed": "fast",
                  "pass": true,
                  "fail": false,
                  "pending": false,
                  "context": null,
                  "code": "_HomePage.homePage.goToLoginPage();\n_LoginPage.loginPage.welcomeMessage().should(\"have.text\", \"Welcome, Please Sign In!\").and(\"be.visible\");\n_LoginPage.loginPage.login(this.user2.invalidEmail, this.user2.password);\n_LoginPage.loginPage.errorsMessages().should('contain.text', \"Login was unsuccessful. Please correct the errors and try again.\").and('be.visible').and('have.css', 'color', 'rgb(228, 67, 75)');\n_LoginPage.loginPage.errorsMessages().children('ul').should('contain.text', 'No customer account found').and('be.visible').and('have.css', 'color', 'rgb(228, 67, 75)');",
                  "err": {},
                  "uuid": "23c51725-b6c8-4909-9be3-255573a6e81b",
                  "parentUUID": "67166a51-e98b-419c-8c7d-3be6c7037e63",
                  "isHook": false,
                  "skipped": false
                },
                {
                  "title": "loging with empty email field",
                  "fullTitle": "Login Tests negative scenarios loging with empty email field",
                  "timedOut": null,
                  "duration": 1876,
                  "state": "passed",
                  "speed": "fast",
                  "pass": true,
                  "fail": false,
                  "pending": false,
                  "context": null,
                  "code": "_HomePage.homePage.goToLoginPage();\n_LoginPage.loginPage.welcomeMessage().should(\"have.text\", \"Welcome, Please Sign In!\").and(\"be.visible\");\n_LoginPage.loginPage.login(\" \", this.user2.password);\n_LoginPage.loginPage.emptyEmailError().should('have.text', 'Please enter your email').and('be.visible').and('have.css', 'color', 'rgb(228, 67, 75)');",
                  "err": {},
                  "uuid": "3b0402dc-df39-4136-8f39-6b19e3b185cb",
                  "parentUUID": "67166a51-e98b-419c-8c7d-3be6c7037e63",
                  "isHook": false,
                  "skipped": false
                }
              ],
              "suites": [],
              "passes": [
                "f051f079-6c77-4275-99d7-67aa5404e960",
                "23c51725-b6c8-4909-9be3-255573a6e81b",
                "3b0402dc-df39-4136-8f39-6b19e3b185cb"
              ],
              "failures": [],
              "pending": [],
              "skipped": [],
              "duration": 7903,
              "root": false,
              "rootEmpty": false,
              "_timeout": 2000
            }
          ],
          "passes": [],
          "failures": [],
          "pending": [],
          "skipped": [],
          "duration": 0,
          "root": false,
          "rootEmpty": false,
          "_timeout": 2000
        }
      ],
      "passes": [],
      "failures": [],
      "pending": [],
      "skipped": [],
      "duration": 0,
      "root": true,
      "rootEmpty": true,
      "_timeout": 2000
    }
  ],
  "meta": {
    "mocha": {
      "version": "7.0.1"
    },
    "mochawesome": {
      "options": {
        "quiet": false,
        "reportFilename": "mochawesome",
        "saveHtml": false,
        "saveJson": true,
        "consoleReporter": "spec",
        "useInlineDiffs": false,
        "code": true
      },
      "version": "7.1.3"
    },
    "marge": {
      "options": {
        "id": "default",
        "reportDir": "cypress/results/mochawesome",
        "overwrite": false,
        "html": false,
        "json": true
      },
      "version": "6.2.0"
    }
  }
}