{
  "stats": {
    "suites": 1,
    "tests": 3,
    "passes": 1,
    "pending": 0,
    "failures": 2,
    "start": "2022-12-20T19:13:42.922Z",
    "end": "2022-12-20T19:14:21.864Z",
    "duration": 38942,
    "testsRegistered": 3,
    "passPercent": 33.33333333333333,
    "pendingPercent": 0,
    "other": 0,
    "hasOther": false,
    "skipped": 0,
    "hasSkipped": false
  },
  "results": [
    {
      "uuid": "90932d7e-51d5-4986-9f50-0f9eb08ae64d",
      "title": "",
      "fullFile": "cypress\\test-specs\\registration\\registrationTests.js",
      "file": "cypress\\test-specs\\registration\\registrationTests.js",
      "beforeHooks": [],
      "afterHooks": [],
      "tests": [],
      "suites": [
        {
          "uuid": "3de9bbe3-6a79-45bf-844e-850ac5ef86f7",
          "title": "Registration Tests",
          "fullFile": "",
          "file": "",
          "beforeHooks": [],
          "afterHooks": [],
          "tests": [
            {
              "title": "register with mandatory fileds ",
              "fullTitle": "Registration Tests register with mandatory fileds ",
              "timedOut": null,
              "duration": 16776,
              "state": "failed",
              "speed": null,
              "pass": false,
              "fail": true,
              "pending": false,
              "context": null,
              "code": "_HomePage.homePage.goToRegisterPage();\n_RegistrationPage.registrationPage.registerationPageTitle().should(\"have.text\", \"Register\").and(\"be.visible\");\n_RegistrationPage.registrationPage.registerWithMandatoryFieldsOnly(this.user1.firstName, this.user1.lastName, this.user1.Email, this.user1.password);\n_RegistrationPage.registrationPage.registrationCompleteMessage().should(\"have.text\", \"Your registration completed\").and(\"be.visible\");",
              "err": {
                "message": "AssertionError: Timed out retrying after 6000ms: Expected to find element: `.page-body div[class='result']`, but never found it.",
                "estack": "AssertionError: Timed out retrying after 6000ms: Expected to find element: `.page-body div[class='result']`, but never found it.\n    at Context.eval (webpack:///./cypress/test-specs/registration/registrationTests.js:20:55)",
                "diff": null
              },
              "uuid": "ed71388b-f2d2-425a-8e22-569d9a7d4eba",
              "parentUUID": "3de9bbe3-6a79-45bf-844e-850ac5ef86f7",
              "isHook": false,
              "skipped": false
            },
            {
              "title": "register with existing email",
              "fullTitle": "Registration Tests register with existing email",
              "timedOut": null,
              "duration": 8334,
              "state": "passed",
              "speed": "medium",
              "pass": true,
              "fail": false,
              "pending": false,
              "context": null,
              "code": "_HomePage.homePage.goToRegisterPage();\n_RegistrationPage.registrationPage.registerationPageTitle().should(\"have.text\", \"Register\").and(\"be.visible\");\n_RegistrationPage.registrationPage.registerWithMandatoryFieldsOnly(this.user1.firstName, this.user1.lastName, this.user1.Email, this.user1.password);\n_RegistrationPage.registrationPage.registrationErrorValidation().should(\"have.text\", \"The specified email already exists\").and(\"be.visible\");",
              "err": {},
              "uuid": "eee3b80f-0f97-4efd-9b4d-aaf65b970917",
              "parentUUID": "3de9bbe3-6a79-45bf-844e-850ac5ef86f7",
              "isHook": false,
              "skipped": false
            },
            {
              "title": "register with all the data",
              "fullTitle": "Registration Tests register with all the data",
              "timedOut": null,
              "duration": 13505,
              "state": "failed",
              "speed": null,
              "pass": false,
              "fail": true,
              "pending": false,
              "context": null,
              "code": "_HomePage.homePage.goToRegisterPage();\n_RegistrationPage.registrationPage.registerationPageTitle().should(\"have.text\", \"Register\").and(\"be.visible\");\n_RegistrationPage.registrationPage.registerWithAllData(this.user2.gender, this.user2.firstName, this.user2.lastName, this.user2.BirthDay, this.user2.BirthMonth, this.user2.BirthYear, this.user2.companyName, this.user2.Email, this.user2.password);\n_RegistrationPage.registrationPage.registrationCompleteMessage().should(\"have.text\", \"Your registration completed\").and(\"be.visible\");",
              "err": {
                "message": "AssertionError: Timed out retrying after 6000ms: Expected to find element: `.page-body div[class='result']`, but never found it.",
                "estack": "AssertionError: Timed out retrying after 6000ms: Expected to find element: `.page-body div[class='result']`, but never found it.\n    at Context.eval (webpack:///./cypress/test-specs/registration/registrationTests.js:32:55)",
                "diff": null
              },
              "uuid": "b9fec344-f739-4ce9-bb4f-0544a97a89b9",
              "parentUUID": "3de9bbe3-6a79-45bf-844e-850ac5ef86f7",
              "isHook": false,
              "skipped": false
            }
          ],
          "suites": [],
          "passes": [
            "eee3b80f-0f97-4efd-9b4d-aaf65b970917"
          ],
          "failures": [
            "ed71388b-f2d2-425a-8e22-569d9a7d4eba",
            "b9fec344-f739-4ce9-bb4f-0544a97a89b9"
          ],
          "pending": [],
          "skipped": [],
          "duration": 38615,
          "root": false,
          "rootEmpty": false,
          "_timeout": 2000
        }
      ],
      "passes": [],
      "failures": [],
      "pending": [],
      "skipped": [],
      "duration": 0,
      "root": true,
      "rootEmpty": true,
      "_timeout": 2000
    }
  ],
  "meta": {
    "mocha": {
      "version": "7.0.1"
    },
    "mochawesome": {
      "options": {
        "quiet": false,
        "reportFilename": "mochawesome",
        "saveHtml": false,
        "saveJson": true,
        "consoleReporter": "spec",
        "useInlineDiffs": false,
        "code": true
      },
      "version": "7.1.3"
    },
    "marge": {
      "options": {
        "id": "default",
        "reportDir": "cypress/results/mochawesome",
        "overwrite": false,
        "html": false,
        "json": true
      },
      "version": "6.2.0"
    }
  }
}