{
  "stats": {
    "suites": 1,
    "tests": 2,
    "passes": 2,
    "pending": 0,
    "failures": 0,
    "start": "2022-12-20T19:24:47.144Z",
    "end": "2022-12-20T19:25:02.043Z",
    "duration": 14899,
    "testsRegistered": 2,
    "passPercent": 100,
    "pendingPercent": 0,
    "other": 0,
    "hasOther": false,
    "skipped": 0,
    "hasSkipped": false
  },
  "results": [
    {
      "uuid": "6e82b9e3-b661-4061-8b2e-29c8d33c3511",
      "title": "",
      "fullFile": "cypress\\test-specs\\products\\searchForProductsTest.js",
      "file": "cypress\\test-specs\\products\\searchForProductsTest.js",
      "beforeHooks": [],
      "afterHooks": [],
      "tests": [],
      "suites": [
        {
          "uuid": "6d553cc0-385c-4fde-aa00-b0aa701e630f",
          "title": "Searching for products tests",
          "fullFile": "",
          "file": "",
          "beforeHooks": [],
          "afterHooks": [],
          "tests": [
            {
              "title": "Searching for product with pressing enter",
              "fullTitle": "Searching for products tests Searching for product with pressing enter",
              "timedOut": null,
              "duration": 8774,
              "state": "passed",
              "speed": "medium",
              "pass": true,
              "fail": false,
              "pending": false,
              "context": null,
              "code": "_HomePage.homePage.goToLoginPage();\n_LoginPage.loginPage.login(this.user2.Email, this.user2.password);\n_HomePage.homePage.logoutLink().should('be.visible');\n_HomePage.homePage.searchField().should('be.enabled').and('be.visible').type(this.product.MacBook + '{enter}');\n_ProductsPage.productPage.searchPageTitle().should('have.text', 'Search').and('be.visible');\n_ProductsPage.productPage.productItem().children('div').children('a').should('be.visible').and('have.attr', 'title', 'Show details for ' + this.product.MacBook);",
              "err": {},
              "uuid": "c10d68f8-9e9d-4f73-a390-7676708c064e",
              "parentUUID": "6d553cc0-385c-4fde-aa00-b0aa701e630f",
              "isHook": false,
              "skipped": false
            },
            {
              "title": "Searching for product with pressing search button",
              "fullTitle": "Searching for products tests Searching for product with pressing search button",
              "timedOut": null,
              "duration": 6015,
              "state": "passed",
              "speed": "medium",
              "pass": true,
              "fail": false,
              "pending": false,
              "context": null,
              "code": "_HomePage.homePage.goToLoginPage();\n_LoginPage.loginPage.login(this.user2.Email, this.user2.password);\n_HomePage.homePage.logoutLink().should('be.visible');\n_HomePage.homePage.searchField().should('be.enabled').and('be.visible').type(this.product.MacBook);\n_HomePage.homePage.searchButton().click();\n_ProductsPage.productPage.searchPageTitle().should('have.text', 'Search').and('be.visible');\n_ProductsPage.productPage.productItem().children('div').children('a').should('be.visible').and('have.attr', 'title', 'Show details for ' + this.product.MacBook);",
              "err": {},
              "uuid": "8777045c-328b-4d18-913a-a68f63621b65",
              "parentUUID": "6d553cc0-385c-4fde-aa00-b0aa701e630f",
              "isHook": false,
              "skipped": false
            }
          ],
          "suites": [],
          "passes": [
            "c10d68f8-9e9d-4f73-a390-7676708c064e",
            "8777045c-328b-4d18-913a-a68f63621b65"
          ],
          "failures": [],
          "pending": [],
          "skipped": [],
          "duration": 14789,
          "root": false,
          "rootEmpty": false,
          "_timeout": 2000
        }
      ],
      "passes": [],
      "failures": [],
      "pending": [],
      "skipped": [],
      "duration": 0,
      "root": true,
      "rootEmpty": true,
      "_timeout": 2000
    }
  ],
  "meta": {
    "mocha": {
      "version": "7.0.1"
    },
    "mochawesome": {
      "options": {
        "quiet": false,
        "reportFilename": "mochawesome",
        "saveHtml": false,
        "saveJson": true,
        "consoleReporter": "spec",
        "useInlineDiffs": false,
        "code": true
      },
      "version": "7.1.3"
    },
    "marge": {
      "options": {
        "id": "default",
        "reportDir": "cypress/results/mochawesome",
        "overwrite": false,
        "html": false,
        "json": true
      },
      "version": "6.2.0"
    }
  }
}