{
  "stats": {
    "suites": 1,
    "tests": 1,
    "passes": 1,
    "pending": 0,
    "failures": 0,
    "start": "2022-12-20T19:26:14.509Z",
    "end": "2022-12-20T19:26:20.328Z",
    "duration": 5819,
    "testsRegistered": 1,
    "passPercent": 100,
    "pendingPercent": 0,
    "other": 0,
    "hasOther": false,
    "skipped": 0,
    "hasSkipped": false
  },
  "results": [
    {
      "uuid": "ed8bf0d4-bbb1-4e4f-bd92-744ada16e731",
      "title": "",
      "fullFile": "cypress\\test-specs\\homepage\\homePageTests.js",
      "file": "cypress\\test-specs\\homepage\\homePageTests.js",
      "beforeHooks": [],
      "afterHooks": [],
      "tests": [],
      "suites": [
        {
          "uuid": "8e71922b-d053-456f-8fa8-54d57a85fba0",
          "title": "homepage tests",
          "fullFile": "",
          "file": "",
          "beforeHooks": [],
          "afterHooks": [],
          "tests": [
            {
              "title": "change the application currancy",
              "fullTitle": "homepage tests change the application currancy",
              "timedOut": null,
              "duration": 5705,
              "state": "passed",
              "speed": "medium",
              "pass": true,
              "fail": false,
              "pending": false,
              "context": null,
              "code": "_HomePage.homePage.currancyList().children().should('have.length', 2);\n_HomePage.homePage.currancyList().select('Euro');\n_HomePage.homePage.productPrice().should('be.visible');\n_HomePage.homePage.productPrice().each(element => {\n  const price = element.text();\n  expect(price.includes(\"€\")).to.be.true;\n  expect(price.includes(\"$\")).not.to.be.true;\n});\n_HomePage.homePage.currancyList().select('US Dollar');\n_HomePage.homePage.productPrice().each(element => {\n  const price = element.text();\n  expect(price.includes(\"$\")).to.be.true;\n  expect(price.includes(\"€\")).not.to.be.true;\n});",
              "err": {},
              "uuid": "06a2d1f6-e9c6-4896-a492-bc9eaa9725af",
              "parentUUID": "8e71922b-d053-456f-8fa8-54d57a85fba0",
              "isHook": false,
              "skipped": false
            }
          ],
          "suites": [],
          "passes": [
            "06a2d1f6-e9c6-4896-a492-bc9eaa9725af"
          ],
          "failures": [],
          "pending": [],
          "skipped": [],
          "duration": 5705,
          "root": false,
          "rootEmpty": false,
          "_timeout": 2000
        }
      ],
      "passes": [],
      "failures": [],
      "pending": [],
      "skipped": [],
      "duration": 0,
      "root": true,
      "rootEmpty": true,
      "_timeout": 2000
    }
  ],
  "meta": {
    "mocha": {
      "version": "7.0.1"
    },
    "mochawesome": {
      "options": {
        "quiet": false,
        "reportFilename": "mochawesome",
        "saveHtml": false,
        "saveJson": true,
        "consoleReporter": "spec",
        "useInlineDiffs": false,
        "code": true
      },
      "version": "7.1.3"
    },
    "marge": {
      "options": {
        "id": "default",
        "reportDir": "cypress/results/mochawesome",
        "overwrite": false,
        "html": false,
        "json": true
      },
      "version": "6.2.0"
    }
  }
}