{
  "stats": {
    "suites": 3,
    "tests": 4,
    "passes": 4,
    "pending": 0,
    "failures": 0,
    "start": "2022-12-20T19:16:27.873Z",
    "end": "2022-12-20T19:16:41.981Z",
    "duration": 14108,
    "testsRegistered": 4,
    "passPercent": 100,
    "pendingPercent": 0,
    "other": 0,
    "hasOther": false,
    "skipped": 0,
    "hasSkipped": false
  },
  "results": [
    {
      "uuid": "f1dfeff0-2a9e-4246-877c-33b78a23fab6",
      "title": "",
      "fullFile": "cypress\\test-specs\\login\\loginTests.js",
      "file": "cypress\\test-specs\\login\\loginTests.js",
      "beforeHooks": [],
      "afterHooks": [],
      "tests": [],
      "suites": [
        {
          "uuid": "bbe4e382-cbd5-4220-ac72-8f277977a225",
          "title": "Login Tests",
          "fullFile": "",
          "file": "",
          "beforeHooks": [],
          "afterHooks": [],
          "tests": [],
          "suites": [
            {
              "uuid": "153472ed-803d-4329-a463-7ca0f3566eab",
              "title": "positive scenarios",
              "fullFile": "",
              "file": "",
              "beforeHooks": [],
              "afterHooks": [],
              "tests": [
                {
                  "title": "login with valid data",
                  "fullTitle": "Login Tests positive scenarios login with valid data",
                  "timedOut": null,
                  "duration": 6713,
                  "state": "passed",
                  "speed": "medium",
                  "pass": true,
                  "fail": false,
                  "pending": false,
                  "context": null,
                  "code": "_HomePage.homePage.goToLoginPage();\n_LoginPage.loginPage.welcomeMessage().should(\"have.text\", \"Welcome, Please Sign In!\").and(\"be.visible\");\n_LoginPage.loginPage.login(this.user2.Email, this.user2.password);\n_HomePage.homePage.logoutLink().should('be.visible');",
                  "err": {},
                  "uuid": "d4a0de94-bdd0-4831-9673-1b3253900980",
                  "parentUUID": "153472ed-803d-4329-a463-7ca0f3566eab",
                  "isHook": false,
                  "skipped": false
                }
              ],
              "suites": [],
              "passes": [
                "d4a0de94-bdd0-4831-9673-1b3253900980"
              ],
              "failures": [],
              "pending": [],
              "skipped": [],
              "duration": 6713,
              "root": false,
              "rootEmpty": false,
              "_timeout": 2000
            },
            {
              "uuid": "c352b950-adde-4378-a112-a27c50f6d90b",
              "title": "negative scenarios",
              "fullFile": "",
              "file": "",
              "beforeHooks": [],
              "afterHooks": [],
              "tests": [
                {
                  "title": "loging with invalid password",
                  "fullTitle": "Login Tests negative scenarios loging with invalid password",
                  "timedOut": null,
                  "duration": 2560,
                  "state": "passed",
                  "speed": "fast",
                  "pass": true,
                  "fail": false,
                  "pending": false,
                  "context": null,
                  "code": "_HomePage.homePage.goToLoginPage();\n_LoginPage.loginPage.welcomeMessage().should(\"have.text\", \"Welcome, Please Sign In!\").and(\"be.visible\");\n_LoginPage.loginPage.login(this.user2.Email, this.user2.invalidPassword);\n_LoginPage.loginPage.errorsMessages().should('contain.text', \"Login was unsuccessful. Please correct the errors and try again.\").and('be.visible').and('have.css', 'color', 'rgb(228, 67, 75)');\n_LoginPage.loginPage.errorsMessages().children('ul').should('contain.text', 'The credentials provided are incorrect').and('be.visible').and('have.css', 'color', 'rgb(228, 67, 75)');",
                  "err": {},
                  "uuid": "e4af7cd0-66f2-4798-9150-5f244976a148",
                  "parentUUID": "c352b950-adde-4378-a112-a27c50f6d90b",
                  "isHook": false,
                  "skipped": false
                },
                {
                  "title": "loging with invalid email",
                  "fullTitle": "Login Tests negative scenarios loging with invalid email",
                  "timedOut": null,
                  "duration": 2937,
                  "state": "passed",
                  "speed": "fast",
                  "pass": true,
                  "fail": false,
                  "pending": false,
                  "context": null,
                  "code": "_HomePage.homePage.goToLoginPage();\n_LoginPage.loginPage.welcomeMessage().should(\"have.text\", \"Welcome, Please Sign In!\").and(\"be.visible\");\n_LoginPage.loginPage.login(this.user2.invalidEmail, this.user2.password);\n_LoginPage.loginPage.errorsMessages().should('contain.text', \"Login was unsuccessful. Please correct the errors and try again.\").and('be.visible').and('have.css', 'color', 'rgb(228, 67, 75)');\n_LoginPage.loginPage.errorsMessages().children('ul').should('contain.text', 'No customer account found').and('be.visible').and('have.css', 'color', 'rgb(228, 67, 75)');",
                  "err": {},
                  "uuid": "fa882611-fc78-40f9-904c-f666fb6b6f4c",
                  "parentUUID": "c352b950-adde-4378-a112-a27c50f6d90b",
                  "isHook": false,
                  "skipped": false
                },
                {
                  "title": "loging with empty email field",
                  "fullTitle": "Login Tests negative scenarios loging with empty email field",
                  "timedOut": null,
                  "duration": 1825,
                  "state": "passed",
                  "speed": "fast",
                  "pass": true,
                  "fail": false,
                  "pending": false,
                  "context": null,
                  "code": "_HomePage.homePage.goToLoginPage();\n_LoginPage.loginPage.welcomeMessage().should(\"have.text\", \"Welcome, Please Sign In!\").and(\"be.visible\");\n_LoginPage.loginPage.login(\" \", this.user2.password);\n_LoginPage.loginPage.emptyEmailError().should('have.text', 'Please enter your email').and('be.visible').and('have.css', 'color', 'rgb(228, 67, 75)');",
                  "err": {},
                  "uuid": "48ce1625-7337-49f7-be77-153d70432f00",
                  "parentUUID": "c352b950-adde-4378-a112-a27c50f6d90b",
                  "isHook": false,
                  "skipped": false
                }
              ],
              "suites": [],
              "passes": [
                "e4af7cd0-66f2-4798-9150-5f244976a148",
                "fa882611-fc78-40f9-904c-f666fb6b6f4c",
                "48ce1625-7337-49f7-be77-153d70432f00"
              ],
              "failures": [],
              "pending": [],
              "skipped": [],
              "duration": 7322,
              "root": false,
              "rootEmpty": false,
              "_timeout": 2000
            }
          ],
          "passes": [],
          "failures": [],
          "pending": [],
          "skipped": [],
          "duration": 0,
          "root": false,
          "rootEmpty": false,
          "_timeout": 2000
        }
      ],
      "passes": [],
      "failures": [],
      "pending": [],
      "skipped": [],
      "duration": 0,
      "root": true,
      "rootEmpty": true,
      "_timeout": 2000
    }
  ],
  "meta": {
    "mocha": {
      "version": "7.0.1"
    },
    "mochawesome": {
      "options": {
        "quiet": false,
        "reportFilename": "mochawesome",
        "saveHtml": false,
        "saveJson": true,
        "consoleReporter": "spec",
        "useInlineDiffs": false,
        "code": true
      },
      "version": "7.1.3"
    },
    "marge": {
      "options": {
        "id": "default",
        "reportDir": "cypress/results/mochawesome",
        "overwrite": false,
        "html": false,
        "json": true
      },
      "version": "6.2.0"
    }
  }
}