{
  "stats": {
    "suites": 1,
    "tests": 3,
    "passes": 1,
    "pending": 0,
    "failures": 2,
    "start": "2022-12-20T19:25:06.233Z",
    "end": "2022-12-20T19:25:42.418Z",
    "duration": 36185,
    "testsRegistered": 3,
    "passPercent": 33.33333333333333,
    "pendingPercent": 0,
    "other": 0,
    "hasOther": false,
    "skipped": 0,
    "hasSkipped": false
  },
  "results": [
    {
      "uuid": "ac7fd29b-02b9-4571-97de-69972fa8c0f3",
      "title": "",
      "fullFile": "cypress\\test-specs\\registration\\registrationTests.js",
      "file": "cypress\\test-specs\\registration\\registrationTests.js",
      "beforeHooks": [],
      "afterHooks": [],
      "tests": [],
      "suites": [
        {
          "uuid": "9a0fd8ef-5d71-4752-b3aa-4ddb60db13fe",
          "title": "Registration Tests",
          "fullFile": "",
          "file": "",
          "beforeHooks": [],
          "afterHooks": [],
          "tests": [
            {
              "title": "register with mandatory fileds ",
              "fullTitle": "Registration Tests register with mandatory fileds ",
              "timedOut": null,
              "duration": 14199,
              "state": "failed",
              "speed": null,
              "pass": false,
              "fail": true,
              "pending": false,
              "context": null,
              "code": "_HomePage.homePage.goToRegisterPage();\n_RegistrationPage.registrationPage.registerationPageTitle().should(\"have.text\", \"Register\").and(\"be.visible\");\n_RegistrationPage.registrationPage.registerWithMandatoryFieldsOnly(this.user1.firstName, this.user1.lastName, this.user1.Email, this.user1.password);\n_RegistrationPage.registrationPage.registrationCompleteMessage().should(\"have.text\", \"Your registration completed\").and(\"be.visible\");",
              "err": {
                "message": "AssertionError: Timed out retrying after 6000ms: Expected to find element: `.page-body div[class='result']`, but never found it.",
                "estack": "AssertionError: Timed out retrying after 6000ms: Expected to find element: `.page-body div[class='result']`, but never found it.\n    at Context.eval (webpack:///./cypress/test-specs/registration/registrationTests.js:20:55)",
                "diff": null
              },
              "uuid": "1d5379f1-bdfa-428f-b183-95b6ac687504",
              "parentUUID": "9a0fd8ef-5d71-4752-b3aa-4ddb60db13fe",
              "isHook": false,
              "skipped": false
            },
            {
              "title": "register with existing email",
              "fullTitle": "Registration Tests register with existing email",
              "timedOut": null,
              "duration": 7534,
              "state": "passed",
              "speed": "medium",
              "pass": true,
              "fail": false,
              "pending": false,
              "context": null,
              "code": "_HomePage.homePage.goToRegisterPage();\n_RegistrationPage.registrationPage.registerationPageTitle().should(\"have.text\", \"Register\").and(\"be.visible\");\n_RegistrationPage.registrationPage.registerWithMandatoryFieldsOnly(this.user1.firstName, this.user1.lastName, this.user1.Email, this.user1.password);\n_RegistrationPage.registrationPage.registrationErrorValidation().should(\"have.text\", \"The specified email already exists\").and(\"be.visible\");",
              "err": {},
              "uuid": "b4aec4a4-ddc5-4a23-9ea8-8d23868b0d9e",
              "parentUUID": "9a0fd8ef-5d71-4752-b3aa-4ddb60db13fe",
              "isHook": false,
              "skipped": false
            },
            {
              "title": "register with all the data",
              "fullTitle": "Registration Tests register with all the data",
              "timedOut": null,
              "duration": 14249,
              "state": "failed",
              "speed": null,
              "pass": false,
              "fail": true,
              "pending": false,
              "context": null,
              "code": "_HomePage.homePage.goToRegisterPage();\n_RegistrationPage.registrationPage.registerationPageTitle().should(\"have.text\", \"Register\").and(\"be.visible\");\n_RegistrationPage.registrationPage.registerWithAllData(this.user2.gender, this.user2.firstName, this.user2.lastName, this.user2.BirthDay, this.user2.BirthMonth, this.user2.BirthYear, this.user2.companyName, this.user2.Email, this.user2.password);\n_RegistrationPage.registrationPage.registrationCompleteMessage().should(\"have.text\", \"Your registration completed\").and(\"be.visible\");",
              "err": {
                "message": "AssertionError: Timed out retrying after 6000ms: Expected to find element: `.page-body div[class='result']`, but never found it.",
                "estack": "AssertionError: Timed out retrying after 6000ms: Expected to find element: `.page-body div[class='result']`, but never found it.\n    at Context.eval (webpack:///./cypress/test-specs/registration/registrationTests.js:32:55)",
                "diff": null
              },
              "uuid": "023cbee0-d4f8-4866-84ea-84645ab9db09",
              "parentUUID": "9a0fd8ef-5d71-4752-b3aa-4ddb60db13fe",
              "isHook": false,
              "skipped": false
            }
          ],
          "suites": [],
          "passes": [
            "b4aec4a4-ddc5-4a23-9ea8-8d23868b0d9e"
          ],
          "failures": [
            "1d5379f1-bdfa-428f-b183-95b6ac687504",
            "023cbee0-d4f8-4866-84ea-84645ab9db09"
          ],
          "pending": [],
          "skipped": [],
          "duration": 35982,
          "root": false,
          "rootEmpty": false,
          "_timeout": 2000
        }
      ],
      "passes": [],
      "failures": [],
      "pending": [],
      "skipped": [],
      "duration": 0,
      "root": true,
      "rootEmpty": true,
      "_timeout": 2000
    }
  ],
  "meta": {
    "mocha": {
      "version": "7.0.1"
    },
    "mochawesome": {
      "options": {
        "quiet": false,
        "reportFilename": "mochawesome",
        "saveHtml": false,
        "saveJson": true,
        "consoleReporter": "spec",
        "useInlineDiffs": false,
        "code": true
      },
      "version": "7.1.3"
    },
    "marge": {
      "options": {
        "id": "default",
        "reportDir": "cypress/results/mochawesome",
        "overwrite": false,
        "html": false,
        "json": true
      },
      "version": "6.2.0"
    }
  }
}