<?xml version="1.0" encoding="UTF-8"?>
<testsuites name="Mocha Tests" time="15.730" tests="4" failures="0">
  <testsuite name="Root Suite" timestamp="2022-12-20T19:24:26" tests="0" file="cypress\test-specs\login\loginTests.js" time="0.000" failures="0">
  </testsuite>
  <testsuite name="Login Tests" timestamp="2022-12-20T19:24:26" tests="0" time="0.000" failures="0">
  </testsuite>
  <testsuite name="positive scenarios" timestamp="2022-12-20T19:24:26" tests="1" time="7.782" failures="0">
    <testcase name="Login Tests positive scenarios login with valid data" time="7.742" classname="login with valid data">
    </testcase>
  </testsuite>
  <testsuite name="negative scenarios" timestamp="2022-12-20T19:24:33" tests="3" time="7.917" failures="0">
    <testcase name="Login Tests negative scenarios loging with invalid password" time="2.926" classname="loging with invalid password">
    </testcase>
    <testcase name="Login Tests negative scenarios loging with invalid email" time="3.101" classname="loging with invalid email">
    </testcase>
    <testcase name="Login Tests negative scenarios loging with empty email field" time="1.876" classname="loging with empty email field">
    </testcase>
  </testsuite>
</testsuites>